<?xml version="1.0" encoding="UTF-8"?>
<!-- Generated by org.testng.reporters.JUnitReportReporter -->
<testsuite skipped="1" hostname="DESKTOP-5JEMHF6" name="tests.LoginTest" tests="1" failures="0" timestamp="06 Dec 2021 13:18:13 GMT" time="0.000" errors="0">
  <testcase name="login1" time="0.000" classname="tests.LoginTest">
    <skipped/>
  </testcase> <!-- login1 -->
</testsuite> <!-- tests.LoginTest -->
